<testsuites id="" name="" tests="10" failures="0" skipped="0" errors="0" time="71.40634200000001">
<testsuite name="scripts/Demo-Learn/day8practice.spec.ts" timestamp="2026-05-04T04:26:56.515Z" hostname="Demo-Learn" tests="5" failures="0" skipped="0" time="30.5" errors="0">
<testcase name="[Demo-Learn] Day 08 – Parallel Testing &amp; Reporting › should display error for empty username" classname="scripts/Demo-Learn/day8practice.spec.ts" time="7.851">
</testcase>
<testcase name="[Demo-Learn] Day 08 – Parallel Testing &amp; Reporting › should display error for empty password" classname="scripts/Demo-Learn/day8practice.spec.ts" time="7.861">
</testcase>
<testcase name="[Demo-Learn] Day 08 – Parallel Testing &amp; Reporting › should display errors for empty username and password" classname="scripts/Demo-Learn/day8practice.spec.ts" time="5.05">
</testcase>
<testcase name="[Demo-Learn] Day 08 – Parallel Testing &amp; Reporting › should display alert for invalid credentials" classname="scripts/Demo-Learn/day8practice.spec.ts" time="5.448">
</testcase>
<testcase name="[Demo-Learn] Day 08 – Parallel Testing &amp; Reporting › should login successfully with valid credentials &amp; display dashboard" classname="scripts/Demo-Learn/day8practice.spec.ts" time="4.29">
</testcase>
</testsuite>
<testsuite name="scripts/Demo-Learn/day8practice.spec.ts" timestamp="2026-05-04T04:26:56.515Z" hostname="Demo-Learn-Firefox" tests="5" failures="0" skipped="0" time="64.122" errors="0">
<testcase name="[Demo-Learn-Firefox] Day 08 – Parallel Testing &amp; Reporting › should display error for empty username" classname="scripts/Demo-Learn/day8practice.spec.ts" time="14.56">
</testcase>
<testcase name="[Demo-Learn-Firefox] Day 08 – Parallel Testing &amp; Reporting › should display error for empty password" classname="scripts/Demo-Learn/day8practice.spec.ts" time="17.276">
</testcase>
<testcase name="[Demo-Learn-Firefox] Day 08 – Parallel Testing &amp; Reporting › should display errors for empty username and password" classname="scripts/Demo-Learn/day8practice.spec.ts" time="11.32">
</testcase>
<testcase name="[Demo-Learn-Firefox] Day 08 – Parallel Testing &amp; Reporting › should display alert for invalid credentials" classname="scripts/Demo-Learn/day8practice.spec.ts" time="11.336">
</testcase>
<testcase name="[Demo-Learn-Firefox] Day 08 – Parallel Testing &amp; Reporting › should login successfully with valid credentials &amp; display dashboard" classname="scripts/Demo-Learn/day8practice.spec.ts" time="9.63">
</testcase>
</testsuite>
</testsuites>