<testsuites id="" name="" tests="1" failures="1" skipped="0" errors="0" time="40.85668">
<testsuite name="scripts/CapstoneProjects/ParkingCalculator/parking-calc.spec.ts" timestamp="2026-05-06T04:21:44.447Z" hostname="CapstoneProject1-ParkingCalculator" tests="1" failures="1" skipped="0" time="22.814" errors="0">
<testcase name="[CapstoneProject1-ParkingCalculator] Parking Cost Calculator Test Suite › Scenario 1: Valet Parking (less than 5 hours)" classname="scripts/CapstoneProjects/ParkingCalculator/parking-calc.spec.ts" time="22.814">
<failure message="parking-calc.spec.ts:63:16 Scenario 1: Valet Parking (less than 5 hours)" type="FAILURE">
<![CDATA[  [CapstoneProject1-ParkingCalculator] › scripts/CapstoneProjects/ParkingCalculator/parking-calc.spec.ts:63:16 › Parking Cost Calculator Test Suite › Scenario 1: Valet Parking (less than 5 hours) 

    Error: expect(locator).toBeVisible() failed

    Locator: locator('[xpath="/html/body/form/table/tbody/tr[4]/td[2]/span[1]/b"]')
    Expected: visible
    Timeout: 5000ms
    Error: element(s) not found

    Call log:
      - Expect "toBeVisible" with timeout 5000ms
      - waiting for locator('[xpath="/html/body/form/table/tbody/tr[4]/td[2]/span[1]/b"]')


      67 |                                                      '05/06/2026', '09:00', 'AM',
      68 |                                                      '05/06/2026', '12:00', 'PM');
    > 69 |     await expect(parkingCostCalculator.estimatedCostLabel).toBeVisible();
         |                                                            ^
      70 |     await expect(parkingCostCalculator.estimatedCostLabel).toHaveText('$ 12.00');
      71 | });
      72 |
        at /home/tanaya/playwright/scripts/CapstoneProjects/ParkingCalculator/parking-calc.spec.ts:69:60

    attachment #1: screenshot (image/png) ──────────────────────────────────────────────────────────
    test-results/parking-calc-Parking-Cost--e7ebb--Parking-less-than-5-hours--CapstoneProject1-ParkingCalculator/test-failed-1.png
    ────────────────────────────────────────────────────────────────────────────────────────────────

    attachment #2: trace (application/zip) ─────────────────────────────────────────────────────────
    test-results/parking-calc-Parking-Cost--e7ebb--Parking-less-than-5-hours--CapstoneProject1-ParkingCalculator/trace.zip
    Usage:

        npx playwright show-trace test-results/parking-calc-Parking-Cost--e7ebb--Parking-less-than-5-hours--CapstoneProject1-ParkingCalculator/trace.zip

    ────────────────────────────────────────────────────────────────────────────────────────────────

    Retry #1 ───────────────────────────────────────────────────────────────────────────────────────

    Error: expect(locator).toBeVisible() failed

    Locator: locator('[xpath="/html/body/form/table/tbody/tr[4]/td[2]/span[1]/b"]')
    Expected: visible
    Timeout: 5000ms
    Error: element(s) not found

    Call log:
      - Expect "toBeVisible" with timeout 5000ms
      - waiting for locator('[xpath="/html/body/form/table/tbody/tr[4]/td[2]/span[1]/b"]')


      67 |                                                      '05/06/2026', '09:00', 'AM',
      68 |                                                      '05/06/2026', '12:00', 'PM');
    > 69 |     await expect(parkingCostCalculator.estimatedCostLabel).toBeVisible();
         |                                                            ^
      70 |     await expect(parkingCostCalculator.estimatedCostLabel).toHaveText('$ 12.00');
      71 | });
      72 |
        at /home/tanaya/playwright/scripts/CapstoneProjects/ParkingCalculator/parking-calc.spec.ts:69:60

    attachment #1: screenshot (image/png) ──────────────────────────────────────────────────────────
    test-results/parking-calc-Parking-Cost--e7ebb--Parking-less-than-5-hours--CapstoneProject1-ParkingCalculator-retry1/test-failed-1.png
    ────────────────────────────────────────────────────────────────────────────────────────────────

    attachment #2: trace (application/zip) ─────────────────────────────────────────────────────────
    test-results/parking-calc-Parking-Cost--e7ebb--Parking-less-than-5-hours--CapstoneProject1-ParkingCalculator-retry1/trace.zip
    Usage:

        npx playwright show-trace test-results/parking-calc-Parking-Cost--e7ebb--Parking-less-than-5-hours--CapstoneProject1-ParkingCalculator-retry1/trace.zip

    ────────────────────────────────────────────────────────────────────────────────────────────────
]]>
</failure>
<system-out>
<![CDATA[================================================
Parking Cost Calculator Test Suite
================================================
Parking Cost Calculator page is loaded
Entry Time: 09:00 AM | Exit Time: 12:00 PM | Expected Cost: $12.00 ($12 for five hours or less)
Parking Cost Calculator page is reloaded for the next test
================================================
Parking Cost Calculator Test Suite Completed
================================================

[[ATTACHMENT|test-results/parking-calc-Parking-Cost--e7ebb--Parking-less-than-5-hours--CapstoneProject1-ParkingCalculator/test-failed-1.png]]

[[ATTACHMENT|test-results/parking-calc-Parking-Cost--e7ebb--Parking-less-than-5-hours--CapstoneProject1-ParkingCalculator/trace.zip]]
================================================
Parking Cost Calculator Test Suite
================================================
Parking Cost Calculator page is loaded
Entry Time: 09:00 AM | Exit Time: 12:00 PM | Expected Cost: $12.00 ($12 for five hours or less)
Parking Cost Calculator page is reloaded for the next test
================================================
Parking Cost Calculator Test Suite Completed
================================================

[[ATTACHMENT|test-results/parking-calc-Parking-Cost--e7ebb--Parking-less-than-5-hours--CapstoneProject1-ParkingCalculator-retry1/test-failed-1.png]]

[[ATTACHMENT|test-results/parking-calc-Parking-Cost--e7ebb--Parking-less-than-5-hours--CapstoneProject1-ParkingCalculator-retry1/trace.zip]]
]]>
</system-out>
</testcase>
</testsuite>
</testsuites>